This is pdfTeX, Version 3.141592653-2.6-1.40.25 (TeX Live 2023/nixos.org) (preloaded format=pdflatex 1980.1.1)  10 MAR 2025 23:31
entering extended mode
 restricted \write18 enabled.
 %&-line parsing enabled.
**Resume.tex
(./Resume.tex
LaTeX2e <2023-11-01> patch level 1
L3 programming layer <2024-02-20>

(/nix/store/75x66bzxmcgjwj1nxixwajf7qj7x1a0y-texlive-combined-medium-2023-final
-texmfdist/tex/latex/base/article.cls
Document Class: article 2023/05/17 v1.4n Standard LaTeX document class

(/nix/store/75x66bzxmcgjwj1nxixwajf7qj7x1a0y-texlive-combined-medium-2023-final
-texmfdist/tex/latex/base/size10.clo
File: size10.clo 2023/05/17 v1.4n Standard LaTeX file (size option)
)
\c@part=\count188
\c@section=\count189
\c@subsection=\count190
\c@subsubsection=\count191
\c@paragraph=\count192
\c@subparagraph=\count193
\c@figure=\count194
\c@table=\count195
\abovecaptionskip=\skip48
\belowcaptionskip=\skip49
\bibindent=\dimen140
)
(/nix/store/75x66bzxmcgjwj1nxixwajf7qj7x1a0y-texlive-combined-medium-2023-final
-texmfdist/tex/latex/graphics/graphicx.sty
Package: graphicx 2021/09/16 v1.2d Enhanced LaTeX Graphics (DPC,SPQR)

(/nix/store/75x66bzxmcgjwj1nxixwajf7qj7x1a0y-texlive-combined-medium-2023-final
-texmfdist/tex/latex/graphics/keyval.sty
Package: keyval 2022/05/29 v1.15 key=value parser (DPC)
\KV@toks@=\toks17
)
(/nix/store/75x66bzxmcgjwj1nxixwajf7qj7x1a0y-texlive-combined-medium-2023-final
-texmfdist/tex/latex/graphics/graphics.sty
Package: graphics 2022/03/10 v1.4e Standard LaTeX Graphics (DPC,SPQR)

(/nix/store/75x66bzxmcgjwj1nxixwajf7qj7x1a0y-texlive-combined-medium-2023-final
-texmfdist/tex/latex/graphics/trig.sty
Package: trig 2021/08/11 v1.11 sin cos tan (DPC)
)
(/nix/store/75x66bzxmcgjwj1nxixwajf7qj7x1a0y-texlive-combined-medium-2023-final
-texmfdist/tex/latex/graphics-cfg/graphics.cfg
File: graphics.cfg 2016/06/04 v1.11 sample graphics configuration
)
Package graphics Info: Driver file: pdftex.def on input line 107.

(/nix/store/75x66bzxmcgjwj1nxixwajf7qj7x1a0y-texlive-combined-medium-2023-final
-texmfdist/tex/latex/graphics-def/pdftex.def
File: pdftex.def 2022/09/22 v1.2b Graphics/color driver for pdftex
))
\Gin@req@height=\dimen141
\Gin@req@width=\dimen142
)
(/nix/store/75x66bzxmcgjwj1nxixwajf7qj7x1a0y-texlive-combined-medium-2023-final
-texmfdist/tex/latex/l3backend/l3backend-pdftex.def
File: l3backend-pdftex.def 2024-02-20 L3 backend support: PDF output (pdfTeX)
\l__color_backend_stack_int=\count196
\l__pdf_internal_box=\box51
) (./Resume.aux)
\openout1 = `Resume.aux'.

LaTeX Font Info:    Checking defaults for OML/cmm/m/it on input line 6.
LaTeX Font Info:    ... okay on input line 6.
LaTeX Font Info:    Checking defaults for OMS/cmsy/m/n on input line 6.
LaTeX Font Info:    ... okay on input line 6.
LaTeX Font Info:    Checking defaults for OT1/cmr/m/n on input line 6.
LaTeX Font Info:    ... okay on input line 6.
LaTeX Font Info:    Checking defaults for T1/cmr/m/n on input line 6.
LaTeX Font Info:    ... okay on input line 6.
LaTeX Font Info:    Checking defaults for TS1/cmr/m/n on input line 6.
LaTeX Font Info:    ... okay on input line 6.
LaTeX Font Info:    Checking defaults for OMX/cmex/m/n on input line 6.
LaTeX Font Info:    ... okay on input line 6.
LaTeX Font Info:    Checking defaults for U/cmr/m/n on input line 6.
LaTeX Font Info:    ... okay on input line 6.

(/nix/store/75x66bzxmcgjwj1nxixwajf7qj7x1a0y-texlive-combined-medium-2023-final
-texmfdist/tex/context/base/mkii/supp-pdf.mkii
[Loading MPS to PDF converter (version 2006.09.02).]
\scratchcounter=\count197
\scratchdimen=\dimen143
\scratchbox=\box52
\nofMPsegments=\count198
\nofMParguments=\count199
\everyMPshowfont=\toks18
\MPscratchCnt=\count266
\MPscratchDim=\dimen144
\MPnumerator=\count267
\makeMPintoPDFobject=\count268
\everyMPtoPDFconversion=\toks19
)
(/nix/store/75x66bzxmcgjwj1nxixwajf7qj7x1a0y-texlive-combined-medium-2023-final
-texmfdist/tex/latex/epstopdf-pkg/epstopdf-base.sty
Package: epstopdf-base 2020-01-24 v2.11 Base part for package epstopdf
Package epstopdf-base Info: Redefining graphics rule for `.eps' on input line 4
85.

(/nix/store/75x66bzxmcgjwj1nxixwajf7qj7x1a0y-texlive-combined-medium-2023-final
-texmfdist/tex/latex/latexconfig/epstopdf-sys.cfg
File: epstopdf-sys.cfg 2010/07/13 v1.3 Configuration of (r)epstopdf for TeX Liv
e
))
<./Media/avatar.jpg, id=1, 180.675pt x 180.675pt>
File: ./Media/avatar.jpg Graphic file (type jpg)
<use ./Media/avatar.jpg>
Package pdftex.def Info: ./Media/avatar.jpg  used on input line 11.
(pdftex.def)             Requested size: 180.67455pt x 180.67455pt.
 [1

{/nix/store/18h1wl5swbrcgyv2rbzhpm6rr8ix5k65-texlive-combined-medium-2023-final
/share/texmf-var/fonts/map/pdftex/updmap/pdftex.map} <./Media/avatar.jpg>]
LaTeX Font Info:    External font `cmex10' loaded for size
(Font)              <12> on input line 13.
LaTeX Font Info:    External font `cmex10' loaded for size
(Font)              <8> on input line 13.
LaTeX Font Info:    External font `cmex10' loaded for size
(Font)              <6> on input line 13.

Overfull \hbox (106.94534pt too wide) in paragraph at lines 16--23
\OT1/cmr/m/n/10 Miro No-ordzij Full Stack Soft-ware En-gi-neer https://www.kaiz
en.red https://www.github.com/miroaccgh
 []


Overfull \hbox (19.55653pt too wide) in paragraph at lines 16--23
\OT1/cmr/m/n/10 linkedin.com/in/miro-noordzij-33036918b mailto:mironoordzij@out
look.com tel:+31
 []

[2]
Overfull \hbox (6.24174pt too wide) in paragraph at lines 70--71
 \OT1/cmr/bx/n/10 Fortes ES12, 2024-2024[] \OT1/cmr/m/n/10 I pro-vided tech-ni-
cal sup-port and con-sult over thouse-
 []

[3]
Overfull \hbox (7.78986pt too wide) in paragraph at lines 87--89
 \OT1/cmr/bx/n/10 Soft-ware De-vel-oper, True-Full-Staq[] \OT1/cmr/m/n/10 +31 6
 37016271 nileshdebi17@gmail.com 
 []


Overfull \hbox (77.83273pt too wide) in paragraph at lines 92--94
 \OT1/cmr/bx/n/10 Se-nior Soft-ware De-vel-oper, Eye-Concepts[] \OT1/cmr/m/n/10
 +31 6 53742508 robert.saunders@eyeconcepts.nl 
 []

[4] (./Resume.aux)
 ***********
LaTeX2e <2023-11-01> patch level 1
L3 programming layer <2024-02-20>
 ***********
 ) 
Here is how much of TeX's memory you used:
 1307 strings out of 475230
 23152 string characters out of 5746868
 1930187 words of memory out of 5000000
 23531 multiletter control sequences out of 15000+600000
 562324 words of font info for 50 fonts, out of 8000000 for 9000
 430 hyphenation exceptions out of 8191
 57i,6n,65p,399b,199s stack positions out of 10000i,1000n,20000p,200000b,200000s
</nix/store/75x66bzxmcgjwj1nxixwajf7qj7x1a0y-texlive-combined-medium-2023-fin
al-texmfdist/fonts/type1/public/amsfonts/cm/cmbx10.pfb></nix/store/75x66bzxmcgj
wj1nxixwajf7qj7x1a0y-texlive-combined-medium-2023-final-texmfdist/fonts/type1/p
ublic/amsfonts/cm/cmbx12.pfb></nix/store/75x66bzxmcgjwj1nxixwajf7qj7x1a0y-texli
ve-combined-medium-2023-final-texmfdist/fonts/type1/public/amsfonts/cm/cmr10.pf
b></nix/store/75x66bzxmcgjwj1nxixwajf7qj7x1a0y-texlive-combined-medium-2023-fin
al-texmfdist/fonts/type1/public/amsfonts/cm/cmr12.pfb></nix/store/75x66bzxmcgjw
j1nxixwajf7qj7x1a0y-texlive-combined-medium-2023-final-texmfdist/fonts/type1/pu
blic/amsfonts/cm/cmr17.pfb>
Output written on Resume.pdf (4 pages, 212984 bytes).
PDF statistics:
 43 PDF objects out of 1000 (max. 8388607)
 25 compressed objects within 1 object stream
 0 named destinations out of 1000 (max. 500000)
 6 words of extra memory for PDF output out of 10000 (max. 10000000)

