\BOOKMARK [1][-]{section.1}{\376\377\000S\000k\000i\000l\000l\000s}{}% 1
\BOOKMARK [2][-]{subsection.1.1}{\376\377\000T\000e\000c\000h\000n\000i\000c\000a\000l}{section.1}% 2
\BOOKMARK [3][-]{subsubsection.1.1.1}{\376\377\000L\000a\000n\000g\000u\000a\000g\000e\000s}{subsection.1.1}% 3
\BOOKMARK [3][-]{subsubsection.1.1.2}{\376\377\000F\000r\000a\000m\000e\000w\000o\000r\000k\000s}{subsection.1.1}% 4
\BOOKMARK [3][-]{subsubsection.1.1.3}{\376\377\000T\000o\000o\000l\000s\000\040\000\046\000\040\000P\000l\000a\000t\000f\000o\000r\000m\000s}{subsection.1.1}% 5
\BOOKMARK [2][-]{subsection.1.2}{\376\377\000G\000e\000n\000e\000r\000a\000l}{section.1}% 6
\BOOKMARK [3][-]{subsubsection.1.2.1}{\376\377\000L\000a\000n\000g\000u\000a\000g\000e\000s}{subsection.1.2}% 7
\BOOKMARK [3][-]{subsubsection.1.2.2}{\376\377\000C\000e\000r\000t\000i\000f\000i\000c\000a\000t\000e\000s}{subsection.1.2}% 8
\BOOKMARK [3][-]{subsubsection.1.2.3}{\376\377\000D\000r\000i\000v\000e\000r\000s\000\040\000l\000i\000c\000e\000n\000s\000e}{subsection.1.2}% 9
\BOOKMARK [1][-]{section.2}{\376\377\000E\000d\000u\000c\000a\000t\000i\000o\000n}{}% 10
\BOOKMARK [2][-]{subsection.2.1}{\376\377\000U\000n\000i\000v\000e\000r\000s\000i\000t\000y\000\040\000o\000f\000\040\000A\000p\000p\000l\000i\000e\000d\000\040\000S\000c\000i\000e\000n\000c\000e\000s\000\040\000R\000o\000t\000t\000e\000r\000d\000a\000m}{section.2}% 11
\BOOKMARK [2][-]{subsection.2.2}{\376\377\000G\000r\000a\000f\000i\000s\000c\000h\000\040\000L\000y\000s\000c\000e\000u\000m\000\040\000R\000o\000t\000t\000e\000r\000d\000a\000m}{section.2}% 12
\BOOKMARK [2][-]{subsection.2.3}{\376\377\000H\000e\000t\000\040\000L\000y\000c\000e\000u\000m\000\040\000R\000o\000t\000t\000e\000r\000d\000a\000m}{section.2}% 13
\BOOKMARK [1][-]{section.3}{\376\377\000E\000x\000p\000e\000r\000i\000e\000n\000c\000e}{}% 14
\BOOKMARK [2][-]{subsection.3.1}{\376\377\000T\000r\000a\000i\000n\000e\000e\000\040\000S\000o\000f\000t\000w\000a\000r\000e\000\040\000D\000e\000v\000e\000l\000o\000p\000e\000r}{section.3}% 15
\BOOKMARK [2][-]{subsection.3.2}{\376\377\000I\000o\000T\000\040\000T\000e\000c\000h\000n\000i\000c\000a\000l\000\040\000S\000u\000p\000p\000o\000r\000t\000\040\000O\000f\000f\000i\000c\000e\000r}{section.3}% 16
\BOOKMARK [2][-]{subsection.3.3}{\376\377\000E\000m\000b\000e\000d\000d\000e\000d\000\040\000S\000o\000f\000t\000w\000a\000r\000e\000\040\000D\000e\000v\000e\000l\000o\000p\000e\000r}{section.3}% 17
\BOOKMARK [2][-]{subsection.3.4}{\376\377\000S\000o\000f\000t\000w\000a\000r\000e\000\040\000D\000e\000v\000e\000l\000o\000p\000e\000r}{section.3}% 18
\BOOKMARK [2][-]{subsection.3.5}{\376\377\000T\000r\000a\000i\000n\000e\000e\000\040\000S\000o\000f\000t\000w\000a\000r\000e\000\040\000D\000e\000v\000e\000l\000o\000p\000e\000r}{section.3}% 19
\BOOKMARK [1][-]{section.4}{\376\377\000R\000e\000f\000e\000r\000e\000n\000c\000e\000s}{}% 20
\BOOKMARK [2][-]{subsection.4.1}{\376\377\000N\000i\000l\000e\000s\000h\000\040\000D\000e\000b\000i}{section.4}% 21
\BOOKMARK [2][-]{subsection.4.2}{\376\377\000R\000o\000b\000e\000r\000t\000\040\000S\000a\000u\000n\000d\000e\000r\000s}{section.4}% 22
